Added Component: Designator=U1(PCBComponent_1)
Added Component: Designator=U2(PCBComponent_1)
Added Component: Designator=U3(PCBComponent_1)
Added Component: Designator=U4(PCBComponent_1)
Added Component: Designator=U5(PCBComponent_1)
Added Component: Designator=U6(PCBComponent_1)
Added Pin To Net: NetName=NetR14_1 Pin=U1-1
Added Pin To Net: NetName=D1 Pin=U1-2
Added Pin To Net: NetName=+5V Pin=U1-3
Added Pin To Net: NetName=NetR15_1 Pin=U2-1
Added Pin To Net: NetName=D2 Pin=U2-2
Added Pin To Net: NetName=+5V Pin=U2-3
Added Pin To Net: NetName=NetR116_1 Pin=U3-1
Added Pin To Net: NetName=D3 Pin=U3-2
Added Pin To Net: NetName=+5V Pin=U3-3
Added Pin To Net: NetName=NetR17_1 Pin=U4-1
Added Pin To Net: NetName=D4 Pin=U4-2
Added Pin To Net: NetName=+5V Pin=U4-3
Added Pin To Net: NetName=NetR18_1 Pin=U5-1
Added Pin To Net: NetName=D5 Pin=U5-2
Added Pin To Net: NetName=+5V Pin=U5-3
Added Pin To Net: NetName=NetR19_1 Pin=U6-1
Added Pin To Net: NetName=D6 Pin=U6-2
Added Pin To Net: NetName=+5V Pin=U6-3
Added Member To Class: ClassName=Sheet1 Member=Component U1 BC547
Added Member To Class: ClassName=Sheet1 Member=Component U2 BC547
Added Member To Class: ClassName=Sheet1 Member=Component U3 BC547
Added Member To Class: ClassName=Sheet1 Member=Component U4 BC547
Added Member To Class: ClassName=Sheet1 Member=Component U5 BC547
Added Member To Class: ClassName=Sheet1 Member=Component U6 BC547
