Removed Pin From Net: NetName=g Pin=J5-1
Removed Pin From Net: NetName=f Pin=J5-2
Removed Pin From Net: NetName=a Pin=J5-4
Removed Pin From Net: NetName=b Pin=J5-5
Removed Pin From Net: NetName=c Pin=J5-7
Removed Pin From Net: NetName=d Pin=J5-9
Removed Pin From Net: NetName=e Pin=J5-10
Removed Pin From Net: NetName=g Pin=J6-1
Removed Pin From Net: NetName=f Pin=J6-2
Removed Pin From Net: NetName=a Pin=J6-4
Removed Pin From Net: NetName=b Pin=J6-5
Removed Pin From Net: NetName=c Pin=J6-7
Removed Pin From Net: NetName=d Pin=J6-9
Removed Pin From Net: NetName=e Pin=J6-10
Removed Pin From Net: NetName=GND Pin=L3-K
Removed Pin From Net: NetName=GND Pin=L4-K
Removed Pin From Net: NetName=+5V Pin=R1-2
Removed Pin From Net: NetName=+5V Pin=R2-2
Removed Pin From Net: NetName=+5V Pin=R3-2
Removed Pin From Net: NetName=+5V Pin=R4-2
Removed Pin From Net: NetName=+5V Pin=U5-3
Removed Pin From Net: NetName=+5V Pin=U6-3
Removed Member From Class: ClassName=Sheet1 Member=J6
Removed Member From Class: ClassName=Sheet1 Member=L3
Removed Member From Class: ClassName=Sheet1 Member=L4
Removed Member From Class: ClassName=Sheet1 Member=R3
Removed Member From Class: ClassName=Sheet1 Member=R4
Removed Member From Class: ClassName=Sheet1 Member=R18
Removed Member From Class: ClassName=Sheet1 Member=R19
Removed Member From Class: ClassName=Sheet1 Member=U5
Removed Member From Class: ClassName=Sheet1 Member=U6
Added Component: Designator=atmega328(IC_base_holder)
Added Component: Designator=c1(Capacitor0805_12pF)
Added Component: Designator=c2(Capacitor0805_12pF)
Added Pin To Net: NetName=a_com Pin=atmega328-4
Added Pin To Net: NetName=b_com Pin=atmega328-5
Added Pin To Net: NetName=c_com Pin=atmega328-6
Added Pin To Net: NetName=+5V Pin=atmega328-7
Added Pin To Net: NetName=GND Pin=atmega328-8
Added Pin To Net: NetName=d_com Pin=atmega328-11
Added Pin To Net: NetName=e_com Pin=atmega328-12
Added Pin To Net: NetName=f_com Pin=atmega328-13
Added Pin To Net: NetName=g_com Pin=atmega328-14
Added Pin To Net: NetName=1 Pin=atmega328-16
Added Pin To Net: NetName=2 Pin=atmega328-17
Added Pin To Net: NetName=3 Pin=atmega328-18
Added Pin To Net: NetName=4 Pin=atmega328-19
Added Pin To Net: NetName=GND Pin=c1-2
Added Pin To Net: NetName=GND Pin=c2-2
Added Pin To Net: NetName=dp Pin=atmega328-15
Added Pin To Net: NetName=dp Pin=R1-2
Added Pin To Net: NetName=dp Pin=R2-2
Added Net: Name=dp
Added Pin To Net: NetName=Netatmega328_9 Pin=atmega328-9
Added Pin To Net: NetName=Netatmega328_9 Pin=c1-1
Added Net: Name=Netatmega328_9
Added Pin To Net: NetName=Netatmega328_10 Pin=atmega328-10
Added Net: Name=Netatmega328_10
Added Member To Class: ClassName=Sheet1 Member=Component atmega328 atmega328p
Added Member To Class: ClassName=Sheet1 Member=Component c1 12pF
Added Member To Class: ClassName=Sheet1 Member=Component c2 12pF
Added Member To Class: ClassName=Sheet1 Member=Component J3 7_seg_display_comm_cath
Added Member To Class: ClassName=Sheet1 Member=Component J4 7_seg_display_comm_cath
Added Member To Class: ClassName=Sheet1 Member=Component R7 resistor_1k_smd
Added Member To Class: ClassName=Sheet1 Member=Component R8 resistor_1k_smd
