Replace Part J 18_pin_header in D:\everything about college\learning material\pcb designing\6 digital clock\CLOCK_PCB\Sheet1.SchDoc with 18_pin_header from Schlib1.SchLib
Replace Part J1 7_seg_display_comm_cath in D:\everything about college\learning material\pcb designing\6 digital clock\CLOCK_PCB\Sheet1.SchDoc with 7_seg_display_comm_cath from Schlib1.SchLib
Replace Part J2 7_seg_display_comm_cath in D:\everything about college\learning material\pcb designing\6 digital clock\CLOCK_PCB\Sheet1.SchDoc with 7_seg_display_comm_cath from Schlib1.SchLib
Replace Part J3 7_seg_display_comm_cath in D:\everything about college\learning material\pcb designing\6 digital clock\CLOCK_PCB\Sheet1.SchDoc with 7_seg_display_comm_cath from Schlib1.SchLib
Replace Part J4 7_seg_display_comm_cath in D:\everything about college\learning material\pcb designing\6 digital clock\CLOCK_PCB\Sheet1.SchDoc with 7_seg_display_comm_cath from Schlib1.SchLib
Replace Part J5 7_seg_display_comm_cath in D:\everything about college\learning material\pcb designing\6 digital clock\CLOCK_PCB\Sheet1.SchDoc with 7_seg_display_comm_cath from Schlib1.SchLib
Replace Part J6 7_seg_display_comm_cath in D:\everything about college\learning material\pcb designing\6 digital clock\CLOCK_PCB\Sheet1.SchDoc with 7_seg_display_comm_cath from Schlib1.SchLib
Replace Part L1 RED_led in D:\everything about college\learning material\pcb designing\6 digital clock\CLOCK_PCB\Sheet1.SchDoc with RED_led from Schlib1.SchLib
Replace Part L2 RED_led in D:\everything about college\learning material\pcb designing\6 digital clock\CLOCK_PCB\Sheet1.SchDoc with RED_led from Schlib1.SchLib
Replace Part L3 RED_led in D:\everything about college\learning material\pcb designing\6 digital clock\CLOCK_PCB\Sheet1.SchDoc with RED_led from Schlib1.SchLib
Replace Part L4 RED_led in D:\everything about college\learning material\pcb designing\6 digital clock\CLOCK_PCB\Sheet1.SchDoc with RED_led from Schlib1.SchLib
Replace Part R1 resistor_150_smd in D:\everything about college\learning material\pcb designing\6 digital clock\CLOCK_PCB\Sheet1.SchDoc with resistor_150_smd from Schlib1.SchLib
Replace Part R2 resistor_150_smd in D:\everything about college\learning material\pcb designing\6 digital clock\CLOCK_PCB\Sheet1.SchDoc with resistor_150_smd from Schlib1.SchLib
Replace Part R3 resistor_150_smd in D:\everything about college\learning material\pcb designing\6 digital clock\CLOCK_PCB\Sheet1.SchDoc with resistor_150_smd from Schlib1.SchLib
Replace Part R4 resistor_150_smd in D:\everything about college\learning material\pcb designing\6 digital clock\CLOCK_PCB\Sheet1.SchDoc with resistor_150_smd from Schlib1.SchLib
Replace Part R7 resistor_1k_smd in D:\everything about college\learning material\pcb designing\6 digital clock\CLOCK_PCB\Sheet1.SchDoc with resistor_1k_smd from Schlib1.SchLib
Replace Part R8 resistor_1k_smd in D:\everything about college\learning material\pcb designing\6 digital clock\CLOCK_PCB\Sheet1.SchDoc with resistor_1k_smd from Schlib1.SchLib
Replace Part R9 resistor_1k_smd in D:\everything about college\learning material\pcb designing\6 digital clock\CLOCK_PCB\Sheet1.SchDoc with resistor_1k_smd from Schlib1.SchLib
Replace Part R10 resistor_1k_smd in D:\everything about college\learning material\pcb designing\6 digital clock\CLOCK_PCB\Sheet1.SchDoc with resistor_1k_smd from Schlib1.SchLib
Replace Part R11 resistor_1k_smd in D:\everything about college\learning material\pcb designing\6 digital clock\CLOCK_PCB\Sheet1.SchDoc with resistor_1k_smd from Schlib1.SchLib
Replace Part R12 resistor_1k_smd in D:\everything about college\learning material\pcb designing\6 digital clock\CLOCK_PCB\Sheet1.SchDoc with resistor_1k_smd from Schlib1.SchLib
Replace Part R13 resistor_1k_smd in D:\everything about college\learning material\pcb designing\6 digital clock\CLOCK_PCB\Sheet1.SchDoc with resistor_1k_smd from Schlib1.SchLib
Replace Part R14 resistor_1k_smd in D:\everything about college\learning material\pcb designing\6 digital clock\CLOCK_PCB\Sheet1.SchDoc with resistor_1k_smd from Schlib1.SchLib
Replace Part R15 resistor_1k_smd in D:\everything about college\learning material\pcb designing\6 digital clock\CLOCK_PCB\Sheet1.SchDoc with resistor_1k_smd from Schlib1.SchLib
Replace Part R17 resistor_1k_smd in D:\everything about college\learning material\pcb designing\6 digital clock\CLOCK_PCB\Sheet1.SchDoc with resistor_1k_smd from Schlib1.SchLib
Replace Part R18 resistor_1k_smd in D:\everything about college\learning material\pcb designing\6 digital clock\CLOCK_PCB\Sheet1.SchDoc with resistor_1k_smd from Schlib1.SchLib
Replace Part R19 resistor_1k_smd in D:\everything about college\learning material\pcb designing\6 digital clock\CLOCK_PCB\Sheet1.SchDoc with resistor_1k_smd from Schlib1.SchLib
Replace Part R116 resistor_1k_smd in D:\everything about college\learning material\pcb designing\6 digital clock\CLOCK_PCB\Sheet1.SchDoc with resistor_1k_smd from Schlib1.SchLib
Replace Part U1 BC547 in D:\everything about college\learning material\pcb designing\6 digital clock\CLOCK_PCB\Sheet1.SchDoc with BC547 from Schlib1.SchLib
Replace Part U2 BC547 in D:\everything about college\learning material\pcb designing\6 digital clock\CLOCK_PCB\Sheet1.SchDoc with BC547 from Schlib1.SchLib
Replace Part U3 BC547 in D:\everything about college\learning material\pcb designing\6 digital clock\CLOCK_PCB\Sheet1.SchDoc with BC547 from Schlib1.SchLib
Replace Part U4 BC547 in D:\everything about college\learning material\pcb designing\6 digital clock\CLOCK_PCB\Sheet1.SchDoc with BC547 from Schlib1.SchLib
Replace Part U5 BC547 in D:\everything about college\learning material\pcb designing\6 digital clock\CLOCK_PCB\Sheet1.SchDoc with BC547 from Schlib1.SchLib
Replace Part U6 BC547 in D:\everything about college\learning material\pcb designing\6 digital clock\CLOCK_PCB\Sheet1.SchDoc with BC547 from Schlib1.SchLib
