Added Component: Designator=C1(Capacitor0805)
Added Component: Designator=C2(tantalum cap 7343)
Added Component: Designator=C3(Capacitor0805)
Added Component: Designator=C4(Capacitor0805)
Added Component: Designator=C5(Capacitor0805)
Added Component: Designator=C6(Capacitor0805)
Added Component: Designator=C7(Capacitor0805)
Added Component: Designator=C8(tantalum cap 7343)
Added Component: Designator=C10(tantalum cap 7343)
Added Component: Designator=D1(shotkey diode sod962)
Added Component: Designator=J4(Mini B usb)
Added Component: Designator=J5(DIP6)
Added Component: Designator=LED1(LED 0805)
Added Component: Designator=LED2(LED 0805)
Added Component: Designator=LED3(LED 0805)
Added Component: Designator=LED4(LED 0805)
Added Component: Designator=RES1(Quad 4 res array)
Added Component: Designator=RES2(Quad 4 res array)
Added Component: Designator=SW1(switch)
Added Component: Designator=(Capacitor0805)
Added Component: Designator=U1(Quad32)
Added Component: Designator=U2(Quad28 FTDI)
Added Component: Designator=U3(SOT223-4)
Added Component: Designator=W2(switch)
Added Component: Designator=Y1(TH XT)
Added Pin To Net: NetName=+3V3 Pin=C7-1
Added Pin To Net: NetName=+3V3 Pin=C7-1
Added Pin To Net: NetName=+3V3 Pin=U2-17
Added Net: Name=+3V3
Added Pin To Net: NetName=+5 Pin=C3-2
Added Pin To Net: NetName=+5 Pin=C3-2
Added Pin To Net: NetName=+5 Pin=J5-6
Added Pin To Net: NetName=+5 Pin=RES1-4
Added Pin To Net: NetName=+5 Pin=RES2-8
Added Pin To Net: NetName=+5 Pin=U1-4
Added Pin To Net: NetName=+5 Pin=U1-6
Added Pin To Net: NetName=+5 Pin=U2-4
Added Pin To Net: NetName=+5 Pin=U2-20
Added Pin To Net: NetName=+5 Pin=U3-3
Added Net: Name=+5
Added Pin To Net: NetName=A0 Pin=U1-23
Added Net: Name=A0
Added Pin To Net: NetName=A1 Pin=U1-24
Added Net: Name=A1
Added Pin To Net: NetName=A2 Pin=U1-25
Added Net: Name=A2
Added Pin To Net: NetName=A3 Pin=U1-26
Added Net: Name=A3
Added Pin To Net: NetName=A4 Pin=U1-27
Added Net: Name=A4
Added Pin To Net: NetName=A5 Pin=U1-28
Added Net: Name=A5
Added Pin To Net: NetName=A6 Pin=U1-19
Added Net: Name=A6
Added Pin To Net: NetName=A7 Pin=U1-22
Added Net: Name=A7
Added Pin To Net: NetName=AREF Pin=U1-20
Added Net: Name=AREF
Added Pin To Net: NetName=CBUS0 Pin=RES1-2
Added Pin To Net: NetName=CBUS0 Pin=U2-23
Added Net: Name=CBUS0
Added Pin To Net: NetName=CBUS1 Pin=RES1-3
Added Pin To Net: NetName=CBUS1 Pin=U2-22
Added Net: Name=CBUS1
Added Pin To Net: NetName=D0/RX Pin=RES2-2
Added Pin To Net: NetName=D0/RX Pin=U1-30
Added Net: Name=D0/RX
Added Pin To Net: NetName=D1/TX Pin=RES2-3
Added Pin To Net: NetName=D1/TX Pin=U1-31
Added Net: Name=D1/TX
Added Pin To Net: NetName=D2 Pin=U1-32
Added Net: Name=D2
Added Pin To Net: NetName=D3 Pin=U1-1
Added Net: Name=D3
Added Pin To Net: NetName=D4 Pin=U1-2
Added Net: Name=D4
Added Pin To Net: NetName=D5 Pin=U1-9
Added Net: Name=D5
Added Pin To Net: NetName=D6 Pin=U1-10
Added Net: Name=D6
Added Pin To Net: NetName=D7 Pin=U1-11
Added Net: Name=D7
Added Pin To Net: NetName=D8 Pin=U1-12
Added Net: Name=D8
Added Pin To Net: NetName=D9 Pin=U1-13
Added Net: Name=D9
Added Pin To Net: NetName=D10 Pin=U1-14
Added Net: Name=D10
Added Pin To Net: NetName=D11/MOSI Pin=J5-5
Added Pin To Net: NetName=D11/MOSI Pin=U1-15
Added Net: Name=D11/MOSI
Added Pin To Net: NetName=D12/MISO Pin=J5-1
Added Pin To Net: NetName=D12/MISO Pin=U1-16
Added Net: Name=D12/MISO
Added Pin To Net: NetName=D13/SCK Pin=J5-2
Added Pin To Net: NetName=D13/SCK Pin=RES1-1
Added Pin To Net: NetName=D13/SCK Pin=U1-17
Added Net: Name=D13/SCK
Added Pin To Net: NetName=GND Pin=-2
Added Pin To Net: NetName=GND Pin=-2
Added Pin To Net: NetName=GND Pin=C1-2
Added Pin To Net: NetName=GND Pin=C1-2
Added Pin To Net: NetName=GND Pin=C7-2
Added Pin To Net: NetName=GND Pin=C7-2
Added Pin To Net: NetName=GND Pin=J4-5
Added Pin To Net: NetName=GND Pin=J5-4
Added Pin To Net: NetName=GND Pin=U1-3
Added Pin To Net: NetName=GND Pin=U1-5
Added Pin To Net: NetName=GND Pin=U1-21
Added Pin To Net: NetName=GND Pin=U2-7
Added Pin To Net: NetName=GND Pin=U2-18
Added Pin To Net: NetName=GND Pin=U2-21
Added Pin To Net: NetName=GND Pin=U2-25
Added Pin To Net: NetName=GND Pin=U3-2
Added Pin To Net: NetName=GND Pin=U3-4
Added Net: Name=GND
Added Pin To Net: NetName=L_AMBER_RES Pin=RES1-8
Added Net: Name=L_AMBER_RES
Added Pin To Net: NetName=NetC4_2 Pin=C4-2
Added Pin To Net: NetName=NetC4_2 Pin=C4-2
Added Pin To Net: NetName=NetC4_2 Pin=U2-2
Added Net: Name=NetC4_2
Added Pin To Net: NetName=NetC5_2 Pin=C5-2
Added Pin To Net: NetName=NetC5_2 Pin=C5-2
Added Pin To Net: NetName=NetC5_2 Pin=U1-7
Added Pin To Net: NetName=NetC5_2 Pin=Y1-2
Added Net: Name=NetC5_2
Added Pin To Net: NetName=NetJ4_2 Pin=J4-2
Added Pin To Net: NetName=NetJ4_2 Pin=U2-16
Added Net: Name=NetJ4_2
Added Pin To Net: NetName=NetJ4_3 Pin=J4-3
Added Pin To Net: NetName=NetJ4_3 Pin=U2-15
Added Net: Name=NetJ4_3
Added Net: Name=NetJ4_6
Added Pin To Net: NetName=NetLED1 Pin=RES1-7
Added Net: Name=NetLED1
Added Pin To Net: NetName=NetLED2 Pin=RES1-6
Added Net: Name=NetLED2
Added Pin To Net: NetName=NetLED4 Pin=RES1-5
Added Net: Name=NetLED4
Added Pin To Net: NetName=NetU1_8 Pin=U1-8
Added Pin To Net: NetName=NetU1_8 Pin=Y1-1
Added Net: Name=NetU1_8
Added Pin To Net: NetName=RESET Pin=J5-3
Added Pin To Net: NetName=RESET Pin=RES2-1
Added Pin To Net: NetName=RESET Pin=U1-29
Added Net: Name=RESET
Added Pin To Net: NetName=RX Pin=U2-1
Added Net: Name=RX
Added Pin To Net: NetName=VIN Pin=U3-1
Added Net: Name=VIN
Added Pin To Net: NetName=VUSB Pin=J4-1
Added Pin To Net: NetName=VUSB Pin=J4-1
Added Pin To Net: NetName=VUSB Pin=J4-1
Added Pin To Net: NetName=VUSB Pin=J4-1
Added Pin To Net: NetName=VUSB Pin=J4-1
Added Net: Name=VUSB
Added Member To Class: ClassName=Sheet1 Member=Component C1 0.1uF
Added Member To Class: ClassName=Sheet1 Member=Component C2 4.7uF
Added Member To Class: ClassName=Sheet1 Member=Component C3 0.1uF
Added Member To Class: ClassName=Sheet1 Member=Component C4 0.1uF
Added Member To Class: ClassName=Sheet1 Member=Component C5 18pF
Added Member To Class: ClassName=Sheet1 Member=Component C6 18pF
Added Member To Class: ClassName=Sheet1 Member=Component C7 0.1uF
Added Member To Class: ClassName=Sheet1 Member=Component C8 4.7uF
Added Member To Class: ClassName=Sheet1 Member=Component C10 4.7uF
Added Member To Class: ClassName=Sheet2 Member=Component D1 MBR0520
Added Member To Class: ClassName=Sheet1 Member=Component J4 USB_B_MINI
Added Member To Class: ClassName=Sheet2 Member=Component J5 HEADER_3X2_NOS
Added Member To Class: ClassName=Sheet1 Member=Component LED1 RED_RX
Added Member To Class: ClassName=Sheet1 Member=Component LED2 GREEN_TX
Added Member To Class: ClassName=Sheet1 Member=Component LED3 L_AMBER
Added Member To Class: ClassName=Sheet1 Member=Component LED4 BLUE
Added Member To Class: ClassName=Sheet1 Member=Component RES1 Component_1
Added Member To Class: ClassName=Sheet1 Member=Component RES2 Component_1
Added Member To Class: ClassName=Sheet1 Member=Component SW1 RESET
Added Member To Class: ClassName=Sheet1 Member=Component  4.7uF
Added Member To Class: ClassName=Sheet1 Member=Component U1 atmega168 20au
Added Member To Class: ClassName=Sheet1 Member=Component U2 FT232RL
Added Member To Class: ClassName=Sheet2 Member=Component U3 UA78M05
Added Member To Class: ClassName=Sheet2 Member=Component W2 2XJP
Added Member To Class: ClassName=Sheet1 Member=Component Y1 16MHz
