Removed Pin From Net: NetName=+5 Pin=J4-1
Removed Pin From Net: NetName=+5 Pin=J4-1
Removed Pin From Net: NetName=+5 Pin=J4-1
Removed Pin From Net: NetName=+5 Pin=J4-1
Removed Pin From Net: NetName=+5 Pin=J4-1
Removed Pin From Net: NetName=AREF Pin=SWITCH1-1
Removed Pin From Net: NetName=+5 Pin=SWITCH1-2
Change Component Comment : Designator=LED2 Old Comment=RED_TX New Comment=GREEN_TX
Added Pin To Net: NetName=VUSB Pin=J4-1
Added Pin To Net: NetName=VUSB Pin=J4-1
Added Pin To Net: NetName=VUSB Pin=J4-1
Added Pin To Net: NetName=VUSB Pin=J4-1
Added Pin To Net: NetName=VUSB Pin=J4-1
Added Pin To Net: NetName=GND Pin=U2-5
Added Pin To Net: NetName=GND Pin=U2-6
Added Pin To Net: NetName=GND Pin=U2-24
Added Pin To Net: NetName=NetC7_1 Pin=U2-17
Added Net: Name=NetC7_1
Added Member To Class: ClassName=Sheet1 Member=Component C2 4.7uF
Added Member To Class: ClassName=Sheet1 Member=Component C8 4.7uF
Added Member To Class: ClassName=Sheet1 Member=Component C10 4.7uF
Added Member To Class: ClassName=Sheet1 Member=Component HEADER2
Added Member To Class: ClassName=Sheet1 Member=Component J4 USB_B_MINI
Added Member To Class: ClassName=Sheet1 Member=Component LED1 RED_RX
Added Member To Class: ClassName=Sheet1 Member=Component LED2 GREEN_TX
Added Member To Class: ClassName=Sheet1 Member=Component LED3 L_AMBER
Added Member To Class: ClassName=Sheet1 Member=Component LED4 blue
Added Member To Class: ClassName=Sheet1 Member=Component RES1
Added Member To Class: ClassName=Sheet1 Member=Component RES2
Added Member To Class: ClassName=Sheet1 Member=Component SW1 RESET
Added Member To Class: ClassName=Sheet1 Member=Component 
Added Member To Class: ClassName=Sheet1 Member=Component U1 atmega168 20au
Added Member To Class: ClassName=Sheet1 Member=Component U2 FT232RL
Added Member To Class: ClassName=Sheet1 Member=Component Y1 16MHz
