Added Component: Designator=C2(tantalum cap 7343)
Added Component: Designator=C8(tantalum cap 7343)
Added Component: Designator=C10(tantalum cap 7343)
Added Component: Designator=D1(shotkey diode sod962)
Added Component: Designator=HEADER?(DIP6)
Added Component: Designator=J4(Mini B usb)
Added Component: Designator=J7(SOT223-4)
Added Component: Designator=LED1(LED 0805)
Added Component: Designator=LED2(LED 0805)
Added Component: Designator=LED3(LED 0805)
Added Component: Designator=LED4(LED 0805)
Added Component: Designator=RES1(Quad 4 res array)
Added Component: Designator=RES2(Quad 4 res array)
Added Component: Designator=SW1(switch)
Added Component: Designator=U1(Quad32)
Added Component: Designator=U2(Quad28 FTDI)
Added Component: Designator=W1(switch)
Added Component: Designator=Y1(TH XT)
Added Pin To Net: NetName=VUSB Pin=C8-1
Added Pin To Net: NetName=GND Pin=HEADER?-4
Added Pin To Net: NetName=D11/MOSI Pin=HEADER?-5
Added Pin To Net: NetName=+5 Pin=HEADER?-6
Added Pin To Net: NetName=+5 Pin=J4-1
Added Pin To Net: NetName=+5 Pin=J4-1
Added Pin To Net: NetName=+5 Pin=J4-1
Added Pin To Net: NetName=+5 Pin=J4-1
Added Pin To Net: NetName=+5 Pin=J4-1
Added Pin To Net: NetName=NetJ4_2 Pin=J4-2
Added Pin To Net: NetName=NetJ4_3 Pin=J4-3
Added Pin To Net: NetName=GND Pin=J4-5
Added Pin To Net: NetName=VIN Pin=J7-1
Added Pin To Net: NetName=GND Pin=J7-2
Added Pin To Net: NetName=+5V Pin=J7-3
Added Pin To Net: NetName=GND Pin=J7-4
Added Pin To Net: NetName=D13/SCK Pin=RES1-1
Added Pin To Net: NetName=CBUS0 Pin=RES1-2
Added Pin To Net: NetName=CBUS1 Pin=RES1-3
Added Pin To Net: NetName=+5 Pin=RES1-4
Added Pin To Net: NetName=NetLED4 Pin=RES1-5
Added Pin To Net: NetName=NetLED2 Pin=RES1-6
Added Pin To Net: NetName=NetLED1 Pin=RES1-7
Added Pin To Net: NetName=RESET Pin=RES2-1
Added Pin To Net: NetName=D0/RX Pin=RES2-2
Added Pin To Net: NetName=D1/TX Pin=RES2-3
Added Pin To Net: NetName=+5 Pin=RES2-8
Added Pin To Net: NetName=D3 Pin=U1-1
Added Pin To Net: NetName=D4 Pin=U1-2
Added Pin To Net: NetName=GND Pin=U1-3
Added Pin To Net: NetName=+5 Pin=U1-4
Added Pin To Net: NetName=GND Pin=U1-5
Added Pin To Net: NetName=+5 Pin=U1-6
Added Pin To Net: NetName=NetU1_7 Pin=U1-7
Added Pin To Net: NetName=NetU1_8 Pin=U1-8
Added Pin To Net: NetName=D5 Pin=U1-9
Added Pin To Net: NetName=D6 Pin=U1-10
Added Pin To Net: NetName=D7 Pin=U1-11
Added Pin To Net: NetName=D8 Pin=U1-12
Added Pin To Net: NetName=D9 Pin=U1-13
Added Pin To Net: NetName=D10 Pin=U1-14
Added Pin To Net: NetName=D11/MOSI Pin=U1-15
Added Pin To Net: NetName=D12/MISO Pin=U1-16
Added Pin To Net: NetName=D13/SCK Pin=U1-17
Added Pin To Net: NetName=A6 Pin=U1-19
Added Pin To Net: NetName=NetC1_1 Pin=U1-20
Added Pin To Net: NetName=GND Pin=U1-21
Added Pin To Net: NetName=A7 Pin=U1-22
Added Pin To Net: NetName=A0 Pin=U1-23
Added Pin To Net: NetName=A1 Pin=U1-24
Added Pin To Net: NetName=A2 Pin=U1-25
Added Pin To Net: NetName=A3 Pin=U1-26
Added Pin To Net: NetName=A4 Pin=U1-27
Added Pin To Net: NetName=A5 Pin=U1-28
Added Pin To Net: NetName=RESET Pin=U1-29
Added Pin To Net: NetName=D0/RX Pin=U1-30
Added Pin To Net: NetName=D1/TX Pin=U1-31
Added Pin To Net: NetName=D2 Pin=U1-32
Added Pin To Net: NetName=RX Pin=U2-1
Added Pin To Net: NetName=+5 Pin=U2-4
Added Pin To Net: NetName=GND Pin=U2-7
Added Pin To Net: NetName=NetJ4_3 Pin=U2-15
Added Pin To Net: NetName=NetJ4_2 Pin=U2-16
Added Pin To Net: NetName=+3V3 Pin=U2-17
Added Pin To Net: NetName=GND Pin=U2-18
Added Pin To Net: NetName=+5 Pin=U2-20
Added Pin To Net: NetName=GND Pin=U2-21
Added Pin To Net: NetName=CBUS1 Pin=U2-22
Added Pin To Net: NetName=CBUS0 Pin=U2-23
Added Pin To Net: NetName=GND Pin=U2-25
Added Pin To Net: NetName=NetU1_8 Pin=Y1-1
Added Pin To Net: NetName=NetU1_7 Pin=Y1-2
Added Pin To Net: NetName=L_AMBER_RES Pin=RES1-8
Added Net: Name=L_AMBER_RES
Added Pin To Net: NetName=TX Pin=U2-5
Added Net: Name=TX
Added Member To Class: ClassName=Sheet1 Member=Component C2 4.7uF
Added Member To Class: ClassName=Sheet1 Member=Component C8 4.7uF
Added Member To Class: ClassName=Sheet1 Member=Component C10 4.7uF
Added Member To Class: ClassName=Sheet2 Member=Component D1 MVR0520
Added Member To Class: ClassName=Sheet2 Member=Component HEADER?
Added Member To Class: ClassName=Sheet1 Member=Component J4 USB_B_MINI
Added Member To Class: ClassName=Sheet2 Member=Component J7
Added Member To Class: ClassName=Sheet1 Member=Component LED1 RED_RX
Added Member To Class: ClassName=Sheet1 Member=Component LED2 GREEN_TX
Added Member To Class: ClassName=Sheet1 Member=Component LED3 L_AMBER
Added Member To Class: ClassName=Sheet1 Member=Component LED4 blue
Added Member To Class: ClassName=Sheet1 Member=Component RES1
Added Member To Class: ClassName=Sheet1 Member=Component RES2
Added Member To Class: ClassName=Sheet1 Member=Component SW1 RESET
Added Member To Class: ClassName=Sheet1 Member=Component U1 atmega168 20au
Added Member To Class: ClassName=Sheet1 Member=Component U2 FT232RL
Added Member To Class: ClassName=Sheet2 Member=Component W1 2XJP
Added Member To Class: ClassName=Sheet1 Member=Component Y1 16MHz
