Added Component: Designator=C1(Capacitor0805)
Added Component: Designator=C2(tantalum cap 7343)
Added Component: Designator=C3(Capacitor0805)
Added Component: Designator=C4(Capacitor0805)
Added Component: Designator=C5(Capacitor0805)
Added Component: Designator=C6(Capacitor0805)
Added Component: Designator=C7(Capacitor0805)
Added Component: Designator=C8(tantalum cap 7343)
Added Component: Designator=C9(Capacitor0805)
Added Component: Designator=C10(tantalum cap 7343)
Added Component: Designator=D1(shotkey diode sod962)
Added Component: Designator=J1(DIP18)
Added Component: Designator=J2(DIP18)
Added Component: Designator=J4(Mini B usb)
Added Component: Designator=J5(DIP6)
Added Component: Designator=LED1(LED 0805)
Added Component: Designator=LED2(LED 0805)
Added Component: Designator=LED3(LED 0805)
Added Component: Designator=LED4(LED 0805)
Added Component: Designator=RES1(Quad 4 res array)
Added Component: Designator=RES2(Quad 4 res array)
Added Component: Designator=SW1(switch)
Added Component: Designator=U1(Quad32)
Added Component: Designator=U2(Quad28 FTDI)
Added Component: Designator=U3(SOT223-4)
Added Component: Designator=W1(switch)
Added Component: Designator=Y1(TH XT)
Added Pin To Net: NetName=+3V3 Pin=C7-1
Added Pin To Net: NetName=+3V3 Pin=C7-1
Added Pin To Net: NetName=+3V3 Pin=J2-14
Added Pin To Net: NetName=+3V3 Pin=U2-17
Added Net: Name=+3V3
Added Pin To Net: NetName=+5 Pin=C3-2
Added Pin To Net: NetName=+5 Pin=C3-2
Added Pin To Net: NetName=+5 Pin=C10-1
Added Pin To Net: NetName=+5 Pin=D1-1
Added Pin To Net: NetName=+5 Pin=J2-4
Added Pin To Net: NetName=+5 Pin=J5-6
Added Pin To Net: NetName=+5 Pin=LED1-2
Added Pin To Net: NetName=+5 Pin=LED2-2
Added Pin To Net: NetName=+5 Pin=RES1-4
Added Pin To Net: NetName=+5 Pin=RES2-8
Added Pin To Net: NetName=+5 Pin=U1-4
Added Pin To Net: NetName=+5 Pin=U1-6
Added Pin To Net: NetName=+5 Pin=U1-18
Added Pin To Net: NetName=+5 Pin=U2-4
Added Pin To Net: NetName=+5 Pin=U2-20
Added Pin To Net: NetName=+5 Pin=U3-3
Added Pin To Net: NetName=+5 Pin=W1-2
Added Net: Name=+5
Added Pin To Net: NetName=A0 Pin=J2-5
Added Pin To Net: NetName=A0 Pin=U1-23
Added Net: Name=A0
Added Pin To Net: NetName=A1 Pin=J2-6
Added Pin To Net: NetName=A1 Pin=U1-24
Added Net: Name=A1
Added Pin To Net: NetName=A2 Pin=J2-7
Added Pin To Net: NetName=A2 Pin=U1-25
Added Net: Name=A2
Added Pin To Net: NetName=A3 Pin=J2-8
Added Pin To Net: NetName=A3 Pin=U1-26
Added Net: Name=A3
Added Pin To Net: NetName=A4 Pin=J2-9
Added Pin To Net: NetName=A4 Pin=U1-27
Added Net: Name=A4
Added Pin To Net: NetName=A5 Pin=J2-10
Added Pin To Net: NetName=A5 Pin=U1-28
Added Net: Name=A5
Added Pin To Net: NetName=A6 Pin=J2-11
Added Pin To Net: NetName=A6 Pin=U1-19
Added Net: Name=A6
Added Pin To Net: NetName=A7 Pin=J2-12
Added Pin To Net: NetName=A7 Pin=U1-22
Added Net: Name=A7
Added Pin To Net: NetName=AREF Pin=C1-1
Added Pin To Net: NetName=AREF Pin=C1-1
Added Pin To Net: NetName=AREF Pin=J2-13
Added Pin To Net: NetName=AREF Pin=U1-20
Added Pin To Net: NetName=AREF Pin=W1-1
Added Net: Name=AREF
Added Pin To Net: NetName=CBUS0 Pin=RES1-2
Added Pin To Net: NetName=CBUS0 Pin=U2-23
Added Net: Name=CBUS0
Added Pin To Net: NetName=CBUS1 Pin=RES1-3
Added Pin To Net: NetName=CBUS1 Pin=U2-22
Added Net: Name=CBUS1
Added Pin To Net: NetName=D0/RX Pin=J1-2
Added Pin To Net: NetName=D0/RX Pin=RES2-2
Added Pin To Net: NetName=D0/RX Pin=U1-30
Added Net: Name=D0/RX
Added Pin To Net: NetName=D1/TX Pin=J1-1
Added Pin To Net: NetName=D1/TX Pin=RES2-3
Added Pin To Net: NetName=D1/TX Pin=U1-31
Added Net: Name=D1/TX
Added Pin To Net: NetName=D2 Pin=J1-5
Added Pin To Net: NetName=D2 Pin=U1-32
Added Net: Name=D2
Added Pin To Net: NetName=D3 Pin=J1-6
Added Pin To Net: NetName=D3 Pin=U1-1
Added Net: Name=D3
Added Pin To Net: NetName=D4 Pin=J1-7
Added Pin To Net: NetName=D4 Pin=U1-2
Added Net: Name=D4
Added Pin To Net: NetName=D5 Pin=J1-8
Added Pin To Net: NetName=D5 Pin=U1-9
Added Net: Name=D5
Added Pin To Net: NetName=D6 Pin=J1-9
Added Pin To Net: NetName=D6 Pin=U1-10
Added Net: Name=D6
Added Pin To Net: NetName=D7 Pin=J1-10
Added Pin To Net: NetName=D7 Pin=U1-11
Added Net: Name=D7
Added Pin To Net: NetName=D8 Pin=J1-11
Added Pin To Net: NetName=D8 Pin=U1-12
Added Net: Name=D8
Added Pin To Net: NetName=D9 Pin=J1-12
Added Pin To Net: NetName=D9 Pin=U1-13
Added Net: Name=D9
Added Pin To Net: NetName=D10 Pin=J1-13
Added Pin To Net: NetName=D10 Pin=U1-14
Added Net: Name=D10
Added Pin To Net: NetName=D11/MOSI Pin=J1-14
Added Pin To Net: NetName=D11/MOSI Pin=J5-5
Added Pin To Net: NetName=D11/MOSI Pin=U1-15
Added Net: Name=D11/MOSI
Added Pin To Net: NetName=D12/MISO Pin=J1-15
Added Pin To Net: NetName=D12/MISO Pin=J5-1
Added Pin To Net: NetName=D12/MISO Pin=U1-16
Added Net: Name=D12/MISO
Added Pin To Net: NetName=D13/SCK Pin=J2-15
Added Pin To Net: NetName=D13/SCK Pin=J5-2
Added Pin To Net: NetName=D13/SCK Pin=RES1-1
Added Pin To Net: NetName=D13/SCK Pin=U1-17
Added Net: Name=D13/SCK
Added Pin To Net: NetName=GND Pin=C1-2
Added Pin To Net: NetName=GND Pin=C1-2
Added Pin To Net: NetName=GND Pin=C2-2
Added Pin To Net: NetName=GND Pin=C3-1
Added Pin To Net: NetName=GND Pin=C3-1
Added Pin To Net: NetName=GND Pin=C5-1
Added Pin To Net: NetName=GND Pin=C5-1
Added Pin To Net: NetName=GND Pin=C6-1
Added Pin To Net: NetName=GND Pin=C6-1
Added Pin To Net: NetName=GND Pin=C7-2
Added Pin To Net: NetName=GND Pin=C7-2
Added Pin To Net: NetName=GND Pin=C8-2
Added Pin To Net: NetName=GND Pin=C9-2
Added Pin To Net: NetName=GND Pin=C9-2
Added Pin To Net: NetName=GND Pin=C10-2
Added Pin To Net: NetName=GND Pin=J1-4
Added Pin To Net: NetName=GND Pin=J2-2
Added Pin To Net: NetName=GND Pin=J4-5
Added Pin To Net: NetName=GND Pin=J5-4
Added Pin To Net: NetName=GND Pin=LED3-1
Added Pin To Net: NetName=GND Pin=LED4-1
Added Pin To Net: NetName=GND Pin=SW1-2
Added Pin To Net: NetName=GND Pin=U1-3
Added Pin To Net: NetName=GND Pin=U1-5
Added Pin To Net: NetName=GND Pin=U1-21
Added Pin To Net: NetName=GND Pin=U2-7
Added Pin To Net: NetName=GND Pin=U2-18
Added Pin To Net: NetName=GND Pin=U2-21
Added Pin To Net: NetName=GND Pin=U2-25
Added Pin To Net: NetName=GND Pin=U3-2
Added Pin To Net: NetName=GND Pin=U3-4
Added Net: Name=GND
Added Pin To Net: NetName=L_AMBER_RES Pin=LED3-2
Added Pin To Net: NetName=L_AMBER_RES Pin=RES1-8
Added Net: Name=L_AMBER_RES
Added Pin To Net: NetName=NetC4_2 Pin=C4-2
Added Pin To Net: NetName=NetC4_2 Pin=C4-2
Added Pin To Net: NetName=NetC4_2 Pin=U2-2
Added Net: Name=NetC4_2
Added Pin To Net: NetName=NetC5_2 Pin=C5-2
Added Pin To Net: NetName=NetC5_2 Pin=C5-2
Added Pin To Net: NetName=NetC5_2 Pin=U1-7
Added Pin To Net: NetName=NetC5_2 Pin=Y1-2
Added Net: Name=NetC5_2
Added Pin To Net: NetName=NetC6_2 Pin=C6-2
Added Pin To Net: NetName=NetC6_2 Pin=C6-2
Added Pin To Net: NetName=NetC6_2 Pin=U1-8
Added Pin To Net: NetName=NetC6_2 Pin=Y1-1
Added Net: Name=NetC6_2
Added Pin To Net: NetName=NetJ4_2 Pin=J4-2
Added Pin To Net: NetName=NetJ4_2 Pin=U2-16
Added Net: Name=NetJ4_2
Added Pin To Net: NetName=NetJ4_3 Pin=J4-3
Added Pin To Net: NetName=NetJ4_3 Pin=U2-15
Added Net: Name=NetJ4_3
Added Pin To Net: NetName=NetLED1_1 Pin=LED1-1
Added Pin To Net: NetName=NetLED1_1 Pin=RES1-7
Added Net: Name=NetLED1_1
Added Pin To Net: NetName=NetLED2_1 Pin=LED2-1
Added Pin To Net: NetName=NetLED2_1 Pin=RES1-6
Added Net: Name=NetLED2_1
Added Pin To Net: NetName=NetLED4_2 Pin=LED4-2
Added Pin To Net: NetName=NetLED4_2 Pin=RES1-5
Added Net: Name=NetLED4_2
Added Pin To Net: NetName=RESET Pin=C4-1
Added Pin To Net: NetName=RESET Pin=C4-1
Added Pin To Net: NetName=RESET Pin=J1-3
Added Pin To Net: NetName=RESET Pin=J2-3
Added Pin To Net: NetName=RESET Pin=J5-3
Added Pin To Net: NetName=RESET Pin=RES2-1
Added Pin To Net: NetName=RESET Pin=SW1-1
Added Pin To Net: NetName=RESET Pin=U1-29
Added Net: Name=RESET
Added Pin To Net: NetName=RX Pin=RES2-7
Added Pin To Net: NetName=RX Pin=U2-1
Added Net: Name=RX
Added Pin To Net: NetName=TX Pin=RES2-6
Added Pin To Net: NetName=TX Pin=U2-5
Added Net: Name=TX
Added Pin To Net: NetName=VIN Pin=J2-1
Added Pin To Net: NetName=VIN Pin=U3-1
Added Net: Name=VIN
Added Pin To Net: NetName=VUSB Pin=C8-1
Added Pin To Net: NetName=VUSB Pin=C9-1
Added Pin To Net: NetName=VUSB Pin=C9-1
Added Pin To Net: NetName=VUSB Pin=D1-2
Added Pin To Net: NetName=VUSB Pin=J4-1
Added Pin To Net: NetName=VUSB Pin=J4-1
Added Pin To Net: NetName=VUSB Pin=J4-1
Added Pin To Net: NetName=VUSB Pin=J4-1
Added Pin To Net: NetName=VUSB Pin=J4-1
Added Net: Name=VUSB
Added Class: Name=Sheet1
Added Class: Name=Sheet2
