Replace Part  Component_1 in D:\everything about college\learning material\pcb designing\esteem PCB\project\atmega168a\Sheet1.SchDoc with Component_1 from cap.SchLib
Replace Part C1 Component_1 in D:\everything about college\learning material\pcb designing\esteem PCB\project\atmega168a\Sheet1.SchDoc with Component_1 from cap.SchLib
Replace Part C2 Component_1 in D:\everything about college\learning material\pcb designing\esteem PCB\project\atmega168a\Sheet1.SchDoc with Component_1 from cap_pol.SchLib
Replace Part C3 Component_1 in D:\everything about college\learning material\pcb designing\esteem PCB\project\atmega168a\Sheet1.SchDoc with Component_1 from cap.SchLib
Replace Part C4 Component_1 in D:\everything about college\learning material\pcb designing\esteem PCB\project\atmega168a\Sheet1.SchDoc with Component_1 from cap.SchLib
Replace Part C5 Component_1 in D:\everything about college\learning material\pcb designing\esteem PCB\project\atmega168a\Sheet1.SchDoc with Component_1 from cap.SchLib
Replace Part C6 Component_1 in D:\everything about college\learning material\pcb designing\esteem PCB\project\atmega168a\Sheet1.SchDoc with Component_1 from cap.SchLib
Replace Part C7 Component_1 in D:\everything about college\learning material\pcb designing\esteem PCB\project\atmega168a\Sheet1.SchDoc with Component_1 from cap.SchLib
Replace Part C8 Component_1 in D:\everything about college\learning material\pcb designing\esteem PCB\project\atmega168a\Sheet1.SchDoc with Component_1 from cap_pol.SchLib
Replace Part C10 Component_1 in D:\everything about college\learning material\pcb designing\esteem PCB\project\atmega168a\Sheet1.SchDoc with Component_1 from cap_pol.SchLib
Replace Part J4 Component_1 in D:\everything about college\learning material\pcb designing\esteem PCB\project\atmega168a\Sheet1.SchDoc with Component_1 from mini_USB_connector.SchLib
Replace Part LED1 Component_1 in D:\everything about college\learning material\pcb designing\esteem PCB\project\atmega168a\Sheet1.SchDoc with Component_1 from LED.SchLib
Replace Part LED2 Component_1 in D:\everything about college\learning material\pcb designing\esteem PCB\project\atmega168a\Sheet1.SchDoc with Component_1 from LED.SchLib
Replace Part LED3 Component_1 in D:\everything about college\learning material\pcb designing\esteem PCB\project\atmega168a\Sheet1.SchDoc with Component_1 from LED.SchLib
Replace Part LED4 Component_1 in D:\everything about college\learning material\pcb designing\esteem PCB\project\atmega168a\Sheet1.SchDoc with Component_1 from LED.SchLib
Replace Part RES1 Component_1 in D:\everything about college\learning material\pcb designing\esteem PCB\project\atmega168a\Sheet1.SchDoc with Component_1 from RES_ARRAY.SchLib
Replace Part RES2 Component_1 in D:\everything about college\learning material\pcb designing\esteem PCB\project\atmega168a\Sheet1.SchDoc with Component_1 from RES_ARRAY.SchLib
Replace Part SW1 Component_1 in D:\everything about college\learning material\pcb designing\esteem PCB\project\atmega168a\Sheet1.SchDoc with Component_1 from switch.SchLib
Replace Part U1 atmega168 20au in D:\everything about college\learning material\pcb designing\esteem PCB\project\atmega168a\Sheet1.SchDoc with atmega168 20au from atmega16820au.SchLib
Replace Part U2 Component_1 in D:\everything about college\learning material\pcb designing\esteem PCB\project\atmega168a\Sheet1.SchDoc with Component_1 from _REEL.SchLib
Replace Part Y1 Component_1 in D:\everything about college\learning material\pcb designing\esteem PCB\project\atmega168a\Sheet1.SchDoc with Component_1 from osci.SchLib
