Removed Pin From Net: NetName=5V Pin=LED1-A
Removed Pin From Net: NetName=5V Pin=LED2-A
Removed Pin From Net: NetName=5V Pin=LED3-A
Removed Pin From Net: NetName=5V Pin=LED4-A
Removed Pin From Net: NetName=GND Pin=R1-2
Removed Pin From Net: NetName=GND Pin=R4-2
Removed Pin From Net: NetName=GND Pin=R7-2
Removed Pin From Net: NetName=GND Pin=R10-2
Removed Member From Class: ClassName=Sheet1 Member=LED1
Removed Member From Class: ClassName=Sheet1 Member=LED2
Removed Member From Class: ClassName=Sheet1 Member=LED3
Removed Member From Class: ClassName=Sheet1 Member=LED4
Removed Member From Class: ClassName=Sheet1 Member=R1
Removed Member From Class: ClassName=Sheet1 Member=R4
Removed Member From Class: ClassName=Sheet1 Member=R7
Removed Member From Class: ClassName=Sheet1 Member=R10
Added Component: Designator=POWER IND(LSM0805 Series green)
Added Component: Designator=R(Resistor-RCC1206 e3)
Added Pin To Net: NetName=5V Pin=POWER IND-A
Added Pin To Net: NetName=GND Pin=R-2
Added Pin To Net: NetName=NetPOWER IND_K Pin=POWER IND-K
Added Pin To Net: NetName=NetPOWER IND_K Pin=R-1
Added Net: Name=NetPOWER IND_K
Added Member To Class: ClassName=Sheet1 Member=Component POWER IND LED_RED_SMD
Added Member To Class: ClassName=Sheet1 Member=Component R resistor
