Replace Part D1 LED1 in D:\everything about college\learning material\pcb designing\relay module\PCB_Project\Sheet1.SchDoc with LED1 from Miscellaneous Devices.IntLib
Replace Part D2 LED1 in D:\everything about college\learning material\pcb designing\relay module\PCB_Project\Sheet1.SchDoc with LED1 from Miscellaneous Devices.IntLib
Replace Part D3 Diode 1N4007 in D:\everything about college\learning material\pcb designing\relay module\PCB_Project\Sheet1.SchDoc with Diode 1N4007 from Miscellaneous Devices.IntLib
Replace Part D4 LED1 in D:\everything about college\learning material\pcb designing\relay module\PCB_Project\Sheet1.SchDoc with LED1 from Miscellaneous Devices.IntLib
Replace Part D5 LED1 in D:\everything about college\learning material\pcb designing\relay module\PCB_Project\Sheet1.SchDoc with LED1 from Miscellaneous Devices.IntLib
Replace Part D6 Diode 1N4007 in D:\everything about college\learning material\pcb designing\relay module\PCB_Project\Sheet1.SchDoc with Diode 1N4007 from Miscellaneous Devices.IntLib
Replace Part D7 LED1 in D:\everything about college\learning material\pcb designing\relay module\PCB_Project\Sheet1.SchDoc with LED1 from Miscellaneous Devices.IntLib
Replace Part D8 LED1 in D:\everything about college\learning material\pcb designing\relay module\PCB_Project\Sheet1.SchDoc with LED1 from Miscellaneous Devices.IntLib
Replace Part D9 Diode 1N4007 in D:\everything about college\learning material\pcb designing\relay module\PCB_Project\Sheet1.SchDoc with Diode 1N4007 from Miscellaneous Devices.IntLib
Replace Part D10 LED1 in D:\everything about college\learning material\pcb designing\relay module\PCB_Project\Sheet1.SchDoc with LED1 from Miscellaneous Devices.IntLib
Replace Part D11 LED1 in D:\everything about college\learning material\pcb designing\relay module\PCB_Project\Sheet1.SchDoc with LED1 from Miscellaneous Devices.IntLib
Replace Part D12 Diode 1N4007 in D:\everything about college\learning material\pcb designing\relay module\PCB_Project\Sheet1.SchDoc with Diode 1N4007 from Miscellaneous Devices.IntLib
Replace Part J1 6X1 header in D:\everything about college\learning material\pcb designing\relay module\PCB_Project\Sheet1.SchDoc with 6X1 header from Schlib1.SchLib
Replace Part K1 Relay in D:\everything about college\learning material\pcb designing\relay module\PCB_Project\Sheet1.SchDoc with Relay from Miscellaneous Devices.IntLib
Replace Part K2 Relay in D:\everything about college\learning material\pcb designing\relay module\PCB_Project\Sheet1.SchDoc with Relay from Miscellaneous Devices.IntLib
Replace Part K3 Relay in D:\everything about college\learning material\pcb designing\relay module\PCB_Project\Sheet1.SchDoc with Relay from Miscellaneous Devices.IntLib
Replace Part Q1 NPN in D:\everything about college\learning material\pcb designing\relay module\PCB_Project\Sheet1.SchDoc with NPN from Miscellaneous Devices.IntLib
Replace Part Q2 NPN in D:\everything about college\learning material\pcb designing\relay module\PCB_Project\Sheet1.SchDoc with NPN from Miscellaneous Devices.IntLib
Replace Part Q3 NPN in D:\everything about college\learning material\pcb designing\relay module\PCB_Project\Sheet1.SchDoc with NPN from Miscellaneous Devices.IntLib
Replace Part Q4 NPN in D:\everything about college\learning material\pcb designing\relay module\PCB_Project\Sheet1.SchDoc with NPN from Miscellaneous Devices.IntLib
Replace Part R1 Res1 in D:\everything about college\learning material\pcb designing\relay module\PCB_Project\Sheet1.SchDoc with Res1 from Miscellaneous Devices.IntLib
Replace Part R2 Res1 in D:\everything about college\learning material\pcb designing\relay module\PCB_Project\Sheet1.SchDoc with Res1 from Miscellaneous Devices.IntLib
Replace Part R3 Res1 in D:\everything about college\learning material\pcb designing\relay module\PCB_Project\Sheet1.SchDoc with Res1 from Miscellaneous Devices.IntLib
Replace Part R4 Res1 in D:\everything about college\learning material\pcb designing\relay module\PCB_Project\Sheet1.SchDoc with Res1 from Miscellaneous Devices.IntLib
Replace Part R5 Res1 in D:\everything about college\learning material\pcb designing\relay module\PCB_Project\Sheet1.SchDoc with Res1 from Miscellaneous Devices.IntLib
Replace Part R6 Res1 in D:\everything about college\learning material\pcb designing\relay module\PCB_Project\Sheet1.SchDoc with Res1 from Miscellaneous Devices.IntLib
Replace Part R7 Res1 in D:\everything about college\learning material\pcb designing\relay module\PCB_Project\Sheet1.SchDoc with Res1 from Miscellaneous Devices.IntLib
Replace Part R8 Res1 in D:\everything about college\learning material\pcb designing\relay module\PCB_Project\Sheet1.SchDoc with Res1 from Miscellaneous Devices.IntLib
Replace Part R9 Res1 in D:\everything about college\learning material\pcb designing\relay module\PCB_Project\Sheet1.SchDoc with Res1 from Miscellaneous Devices.IntLib
Replace Part R10 Res1 in D:\everything about college\learning material\pcb designing\relay module\PCB_Project\Sheet1.SchDoc with Res1 from Miscellaneous Devices.IntLib
Replace Part R11 Res1 in D:\everything about college\learning material\pcb designing\relay module\PCB_Project\Sheet1.SchDoc with Res1 from Miscellaneous Devices.IntLib
Replace Part R12 Res1 in D:\everything about college\learning material\pcb designing\relay module\PCB_Project\Sheet1.SchDoc with Res1 from Miscellaneous Devices.IntLib
