Removed Pin From Net: NetName=a Pin=R7-2
Added Component: Designator=R8(Resistor_ERJUP3_1K)
Added Component: Designator=R9(Resistor_ERJUP3_1K)
Added Component: Designator=R10(Resistor_ERJUP3_1K)
Added Component: Designator=R11(Resistor_ERJUP3_1K)
Added Component: Designator=R12(Resistor_ERJUP3_1K)
Added Component: Designator=R13(Resistor_ERJUP3_1K)
Added Pin To Net: NetName=a Pin=R7-1
Added Pin To Net: NetName=b Pin=R8-1
Added Pin To Net: NetName=c Pin=R9-1
Added Pin To Net: NetName=d Pin=R10-1
Added Pin To Net: NetName=e Pin=R11-1
Added Pin To Net: NetName=g Pin=R12-1
Added Pin To Net: NetName=f Pin=R13-1
Added Pin To Net: NetName=a_com Pin=J-1
Added Pin To Net: NetName=a_com Pin=R7-2
Added Net: Name=a_com
Added Pin To Net: NetName=b_com Pin=J-2
Added Pin To Net: NetName=b_com Pin=R8-2
Added Net: Name=b_com
Added Pin To Net: NetName=c_com Pin=J-3
Added Pin To Net: NetName=c_com Pin=R9-2
Added Net: Name=c_com
Added Pin To Net: NetName=d_com Pin=J-4
Added Pin To Net: NetName=d_com Pin=R10-2
Added Net: Name=d_com
Added Pin To Net: NetName=e_com Pin=J-5
Added Pin To Net: NetName=e_com Pin=R11-2
Added Net: Name=e_com
Added Pin To Net: NetName=f_com Pin=J-6
Added Pin To Net: NetName=f_com Pin=R12-2
Added Net: Name=f_com
Added Pin To Net: NetName=g_com Pin=J-7
Added Pin To Net: NetName=g_com Pin=R13-2
Added Net: Name=g_com
Added Member To Class: ClassName=Sheet1 Member=Component R8 resistor_1k_smd
Added Member To Class: ClassName=Sheet1 Member=Component R9 resistor_1k_smd
Added Member To Class: ClassName=Sheet1 Member=Component R10 resistor_1k_smd
Added Member To Class: ClassName=Sheet1 Member=Component R11 resistor_1k_smd
Added Member To Class: ClassName=Sheet1 Member=Component R12 resistor_1k_smd
Added Member To Class: ClassName=Sheet1 Member=Component R13 resistor_1k_smd
