Added Component: Designator=C1(FKV(K16))
Add component (AddParameter): Name = "Allied Price/Stock"; Value = "https://www.alliedelec.com/panasonic-eev-fk2a221m/70257853/"; VariantName = "[No Variations]"
Add component (AddParameter): Name = "Allied_Number"; Value = "70257853"; VariantName = "[No Variations]"
Add component (AddParameter): Name = "Arrow Part Number"; Value = "EEVFK2A221M"; VariantName = "[No Variations]"
Add component (AddParameter): Name = "Arrow Price/Stock"; Value = "https://www.arrow.com/en/products/eevfk2a221m/panasonic"; VariantName = "[No Variations]"
Add component (AddParameter): Name = "Datasheet Link"; Value = "http://uk.rs-online.com/web/p/products/5370679"; VariantName = "[No Variations]"
Add component (AddParameter): Name = "Manufacturer_Name"; Value = "Panasonic"; VariantName = "[No Variations]"
Add component (AddParameter): Name = "Manufacturer_Part_Number"; Value = "EEVFK2A221M"; VariantName = "[No Variations]"
Add component (AddParameter): Name = "RS Part Number"; Value = "5370679"; VariantName = "[No Variations]"
Add component (AddParameter): Name = "RS Price/Stock"; Value = "http://uk.rs-online.com/web/p/products/5370679"; VariantName = "[No Variations]"
Added Component: Designator=C2(CAPC2012X145N)
Add component (AddParameter): Name = "Arrow Part Number"; Value = "GRM21BR71H104JA01L"; VariantName = "[No Variations]"
Add component (AddParameter): Name = "Arrow Price/Stock"; Value = "https://www.arrow.com/en/products/grm21br71h104ja01l/murata-manufacturing"; VariantName = "[No Variations]"
Add component (AddParameter): Name = "Datasheet Link"; Value = "http://www.murata.com/~/media/webrenewal/support/library/catalog/products/capacitor/mlcc/c02e.pdf"; VariantName = "[No Variations]"
Add component (AddParameter): Name = "Geometry.Height"; Value = "1.45mm"; VariantName = "[No Variations]"
Add component (AddParameter): Name = "Manufacturer_Name"; Value = "Murata Electronics"; VariantName = "[No Variations]"
Add component (AddParameter): Name = "Manufacturer_Part_Number"; Value = "GRM21BR71H104JA01L"; VariantName = "[No Variations]"
Add component (AddParameter): Name = "RS Part Number"; Value = ""; VariantName = "[No Variations]"
Add component (AddParameter): Name = "RS Price/Stock"; Value = ""; VariantName = "[No Variations]"
Added Component: Designator=C3(CAPC2012X145N)
Add component (AddParameter): Name = "Arrow Part Number"; Value = "GRM21BR71H104JA01L"; VariantName = "[No Variations]"
Add component (AddParameter): Name = "Arrow Price/Stock"; Value = "https://www.arrow.com/en/products/grm21br71h104ja01l/murata-manufacturing"; VariantName = "[No Variations]"
Add component (AddParameter): Name = "Datasheet Link"; Value = "http://www.murata.com/~/media/webrenewal/support/library/catalog/products/capacitor/mlcc/c02e.pdf"; VariantName = "[No Variations]"
Add component (AddParameter): Name = "Geometry.Height"; Value = "1.45mm"; VariantName = "[No Variations]"
Add component (AddParameter): Name = "Manufacturer_Name"; Value = "Murata Electronics"; VariantName = "[No Variations]"
Add component (AddParameter): Name = "Manufacturer_Part_Number"; Value = "GRM21BR71H104JA01L"; VariantName = "[No Variations]"
Add component (AddParameter): Name = "RS Part Number"; Value = ""; VariantName = "[No Variations]"
Add component (AddParameter): Name = "RS Price/Stock"; Value = ""; VariantName = "[No Variations]"
Added Component: Designator=C4(CAPC2012X145N)
Add component (AddParameter): Name = "Arrow Part Number"; Value = "GRM21BR71H104JA01L"; VariantName = "[No Variations]"
Add component (AddParameter): Name = "Arrow Price/Stock"; Value = "https://www.arrow.com/en/products/grm21br71h104ja01l/murata-manufacturing"; VariantName = "[No Variations]"
Add component (AddParameter): Name = "Datasheet Link"; Value = "http://www.murata.com/~/media/webrenewal/support/library/catalog/products/capacitor/mlcc/c02e.pdf"; VariantName = "[No Variations]"
Add component (AddParameter): Name = "Geometry.Height"; Value = "1.45mm"; VariantName = "[No Variations]"
Add component (AddParameter): Name = "Manufacturer_Name"; Value = "Murata Electronics"; VariantName = "[No Variations]"
Add component (AddParameter): Name = "Manufacturer_Part_Number"; Value = "GRM21BR71H104JA01L"; VariantName = "[No Variations]"
Add component (AddParameter): Name = "RS Part Number"; Value = ""; VariantName = "[No Variations]"
Add component (AddParameter): Name = "RS Price/Stock"; Value = ""; VariantName = "[No Variations]"
Added Component: Designator=C5(FKV(K16))
Add component (AddParameter): Name = "Allied Price/Stock"; Value = "https://www.alliedelec.com/panasonic-eev-fk2a221m/70257853/"; VariantName = "[No Variations]"
Add component (AddParameter): Name = "Allied_Number"; Value = "70257853"; VariantName = "[No Variations]"
Add component (AddParameter): Name = "Arrow Part Number"; Value = "EEVFK2A221M"; VariantName = "[No Variations]"
Add component (AddParameter): Name = "Arrow Price/Stock"; Value = "https://www.arrow.com/en/products/eevfk2a221m/panasonic"; VariantName = "[No Variations]"
Add component (AddParameter): Name = "Datasheet Link"; Value = "http://uk.rs-online.com/web/p/products/5370679"; VariantName = "[No Variations]"
Add component (AddParameter): Name = "Manufacturer_Name"; Value = "Panasonic"; VariantName = "[No Variations]"
Add component (AddParameter): Name = "Manufacturer_Part_Number"; Value = "EEVFK2A221M"; VariantName = "[No Variations]"
Add component (AddParameter): Name = "RS Part Number"; Value = "5370679"; VariantName = "[No Variations]"
Add component (AddParameter): Name = "RS Price/Stock"; Value = "http://uk.rs-online.com/web/p/products/5370679"; VariantName = "[No Variations]"
Added Component: Designator=DIODE(DIOM5336X244N)
Add component (AddParameter): Name = "Arrow Part Number"; Value = "SS54B"; VariantName = "[No Variations]"
Add component (AddParameter): Name = "Arrow Price/Stock"; Value = "http://uk.rs-online.com/web/p/products/1711461"; VariantName = "[No Variations]"
Add component (AddParameter): Name = "Datasheet Link"; Value = "http://docs-europe.electrocomponents.com/webdocs/14bb/0900766b814bbf92.pdf"; VariantName = "[No Variations]"
Add component (AddParameter): Name = "Geometry.Height"; Value = "2.44mm"; VariantName = "[No Variations]"
Add component (AddParameter): Name = "Manufacturer_Name"; Value = "HY Electronic Corp"; VariantName = "[No Variations]"
Add component (AddParameter): Name = "Manufacturer_Part_Number"; Value = "SS54B"; VariantName = "[No Variations]"
Add component (AddParameter): Name = "RS Part Number"; Value = "1711461"; VariantName = "[No Variations]"
Add component (AddParameter): Name = "RS Price/Stock"; Value = "http://uk.rs-online.com/web/p/products/1711461"; VariantName = "[No Variations]"
Added Component: Designator=L1(INDPM110100X400N)
Add component (AddParameter): Name = "Allied Price/Stock"; Value = "https://www.alliedelec.com/bourns-srp1038a-470m/70377524/"; VariantName = "[No Variations]"
Add component (AddParameter): Name = "Allied_Number"; Value = "70377524"; VariantName = "[No Variations]"
Add component (AddParameter): Name = "Arrow Part Number"; Value = "SRP1038A-470M"; VariantName = "[No Variations]"
Add component (AddParameter): Name = "Arrow Price/Stock"; Value = "https://www.arrow.com/en/products/srp1038a-470m/bourns"; VariantName = "[No Variations]"
Add component (AddParameter): Name = "Datasheet Link"; Value = "http://uk.rs-online.com/web/p/products/8193337"; VariantName = "[No Variations]"
Add component (AddParameter): Name = "Geometry.Height"; Value = "4mm"; VariantName = "[No Variations]"
Add component (AddParameter): Name = "Manufacturer_Name"; Value = "Bourns"; VariantName = "[No Variations]"
Add component (AddParameter): Name = "Manufacturer_Part_Number"; Value = "SRP1038A-470M"; VariantName = "[No Variations]"
Add component (AddParameter): Name = "RS Part Number"; Value = "1728637"; VariantName = "[No Variations]"
Add component (AddParameter): Name = "RS Price/Stock"; Value = "http://uk.rs-online.com/web/p/products/1728637"; VariantName = "[No Variations]"
Added Component: Designator=Q1(TO-263-5)
Add component (AddParameter): Name = "Arrow Part Number"; Value = "AP1506-50K5G-13"; VariantName = "[No Variations]"
Add component (AddParameter): Name = "Arrow Price/Stock"; Value = "https://www.arrow.com/en/products/ap1506-50k5g-13/diodes-incorporated"; VariantName = "[No Variations]"
Add component (AddParameter): Name = "Datasheet Link"; Value = "https://www.diodes.com/assets/Datasheets/AP1506.pdf"; VariantName = "[No Variations]"
Add component (AddParameter): Name = "Manufacturer_Name"; Value = "Diodes Inc."; VariantName = "[No Variations]"
Add component (AddParameter): Name = "Manufacturer_Part_Number"; Value = "AP1506-50K5G-13"; VariantName = "[No Variations]"
Add component (AddParameter): Name = "RS Part Number"; Value = ""; VariantName = "[No Variations]"
Add component (AddParameter): Name = "RS Price/Stock"; Value = ""; VariantName = "[No Variations]"
Added Component: Designator=R1(RESC2012X65N)
Add component (AddParameter): Name = "Arrow Part Number"; Value = "KTR10EZPF5103"; VariantName = "[No Variations]"
Add component (AddParameter): Name = "Arrow Price/Stock"; Value = "https://www.arrow.com/en/products/ktr10ezpf5103/rohm-semiconductor"; VariantName = "[No Variations]"
Add component (AddParameter): Name = "Datasheet Link"; Value = "http://rohmfs.rohm.com/en/products/databook/datasheet/passive/resistor/chip_resistor/ktr.pdf"; VariantName = "[No Variations]"
Add component (AddParameter): Name = "Geometry.Height"; Value = "0.65mm"; VariantName = "[No Variations]"
Add component (AddParameter): Name = "Manufacturer_Name"; Value = "ROHM Semiconductor"; VariantName = "[No Variations]"
Add component (AddParameter): Name = "Manufacturer_Part_Number"; Value = "KTR10EZPF5103"; VariantName = "[No Variations]"
Add component (AddParameter): Name = "RS Part Number"; Value = ""; VariantName = "[No Variations]"
Add component (AddParameter): Name = "RS Price/Stock"; Value = ""; VariantName = "[No Variations]"
Added Component: Designator=R?(RESC2012X65N)
Add component (AddParameter): Name = "Arrow Part Number"; Value = "KTR10EZPF5103"; VariantName = "[No Variations]"
Add component (AddParameter): Name = "Arrow Price/Stock"; Value = "https://www.arrow.com/en/products/ktr10ezpf5103/rohm-semiconductor"; VariantName = "[No Variations]"
Add component (AddParameter): Name = "Datasheet Link"; Value = "http://rohmfs.rohm.com/en/products/databook/datasheet/passive/resistor/chip_resistor/ktr.pdf"; VariantName = "[No Variations]"
Add component (AddParameter): Name = "Geometry.Height"; Value = "0.65mm"; VariantName = "[No Variations]"
Add component (AddParameter): Name = "Manufacturer_Name"; Value = "ROHM Semiconductor"; VariantName = "[No Variations]"
Add component (AddParameter): Name = "Manufacturer_Part_Number"; Value = "KTR10EZPF5103"; VariantName = "[No Variations]"
Add component (AddParameter): Name = "RS Part Number"; Value = ""; VariantName = "[No Variations]"
Add component (AddParameter): Name = "RS Price/Stock"; Value = ""; VariantName = "[No Variations]"
Added Pin To Net: NetName=NetC1_1 Pin=C1-1
Added Pin To Net: NetName=NetC1_1 Pin=C2-2
Added Pin To Net: NetName=NetC1_1 Pin=C3-1
Added Pin To Net: NetName=NetC3_2 Pin=C3-2
Added Pin To Net: NetName=NetC4_2 Pin=C4-2
Added Pin To Net: NetName=NetC4_2 Pin=C5-1
Added Pin To Net: NetName=NetDIODE_1 Pin=DIODE-1
Added Pin To Net: NetName=NetDIODE_1 Pin=L1-1
Added Pin To Net: NetName=NetC4_2 Pin=L1-2
Added Pin To Net: NetName=NetQ1_2 Pin=Q1-2
Added Pin To Net: NetName=NetDIODE_1 Pin=Q1-3
Added Pin To Net: NetName=NetC3_2 Pin=Q1-4
Added Pin To Net: NetName=NetC1_1 Pin=Q1-5
Added Pin To Net: NetName=NetC4_2 Pin=R1-1
Added Pin To Net: NetName=NetQ1_2 Pin=R1-2
Added Pin To Net: NetName=NetQ1_2 Pin=R?-2
Added Pin To Net: NetName=GND Pin=C1-2
Added Pin To Net: NetName=GND Pin=C2-1
Added Pin To Net: NetName=GND Pin=C4-1
Added Pin To Net: NetName=GND Pin=C5-2
Added Pin To Net: NetName=GND Pin=DIODE-2
Added Pin To Net: NetName=GND Pin=Q1-1
Added Pin To Net: NetName=GND Pin=R?-1
Added Net: Name=GND
Added Member To Class: ClassName=Sheet1 Member=Component C1 220uF
Added Member To Class: ClassName=Sheet1 Member=Component C2 1uF
Added Member To Class: ClassName=Sheet1 Member=Component C3 1uF
Added Member To Class: ClassName=Sheet1 Member=Component C4 1uF
Added Member To Class: ClassName=Sheet1 Member=Component C5 220uF
Added Member To Class: ClassName=Sheet1 Member=Component DIODE 1N0
Added Member To Class: ClassName=Sheet1 Member=Component L1 47uH
Added Member To Class: ClassName=Sheet1 Member=Component Q1 XL4014
Added Member To Class: ClassName=Sheet1 Member=Component R1 10k
Added Member To Class: ClassName=Sheet1 Member=Component R? 3.3k
